[debug] [2024-07-18T09:08:25.494Z] ----------------------------------------------------------------------
[debug] [2024-07-18T09:08:25.503Z] Command:       C:\Program Files\nodejs\node.exe C:\Users\kiman\AppData\Roaming\npm\node_modules\firebase-tools\lib\bin\firebase.js init
[debug] [2024-07-18T09:08:25.504Z] CLI Version:   13.13.3
[debug] [2024-07-18T09:08:25.504Z] Platform:      win32
[debug] [2024-07-18T09:08:25.505Z] Node Version:  v21.6.2
[debug] [2024-07-18T09:08:25.505Z] Time:          Thu Jul 18 2024 11:08:25 GMT+0200 (heure d’été d’Europe centrale)
[debug] [2024-07-18T09:08:25.506Z] ----------------------------------------------------------------------
[debug] 
[debug] [2024-07-18T09:08:25.513Z] >>> [apiv2][query] GET https://firebase-public.firebaseio.com/cli.json [none]
[debug] [2024-07-18T09:08:25.667Z] > command requires scopes: ["email","openid","https://www.googleapis.com/auth/cloudplatformprojects.readonly","https://www.googleapis.com/auth/firebase","https://www.googleapis.com/auth/cloud-platform"]
[debug] [2024-07-18T09:08:25.668Z] > authorizing via signed-in user (annabelle.bosse.pro@gmail.com)
[info] 
     ######## #### ########  ######## ########     ###     ######  ########
     ##        ##  ##     ## ##       ##     ##  ##   ##  ##       ##
     ######    ##  ########  ######   ########  #########  ######  ######
     ##        ##  ##    ##  ##       ##     ## ##     ##       ## ##
     ##       #### ##     ## ######## ########  ##     ##  ######  ########

You're about to initialize a Firebase project in this directory:

  D:\H3 HITEMA\M1\jiro2

[debug] [2024-07-18T09:08:26.088Z] <<< [apiv2][status] GET https://firebase-public.firebaseio.com/cli.json 200
[debug] [2024-07-18T09:08:26.088Z] <<< [apiv2][body] GET https://firebase-public.firebaseio.com/cli.json {"cloudBuildErrorAfter":1594252800000,"cloudBuildWarnAfter":1590019200000,"defaultNode10After":1594252800000,"minVersion":"3.0.5","node8DeploysDisabledAfter":1613390400000,"node8RuntimeDisabledAfter":1615809600000,"node8WarnAfter":1600128000000}
